1733434395.705227 client started (60519): version 3.5a, socket /private/tmp/tmux-501/default, protocol 8
1733434395.705268 on Darwin 24.1.0 Darwin Kernel Version 24.1.0: Thu Nov 14 18:19:02 PST 2024; root:xnu-11215.41.3~13/RELEASE_ARM64_T8132
1733434395.705276 using libevent 2.1.12-stable select
1733434395.705785 using utf8proc 2.9.0
1733434395.705802 using ncurses 6.4 20221231
1733434395.705818 flags are 0x10010000
1733434395.705825 socket is /private/tmp/tmux-501/default
1733434395.705831 trying connect
1733434395.705858 add peer 0x140008000: 6 (0x0)
1733434395.710141 sending message 111 to peer 0x140008000 (8 bytes)
1733434395.710165 sending message 111 to peer 0x140008000 (8 bytes)
1733434395.710172 sending message 101 to peer 0x140008000 (14 bytes)
1733434395.710177 sending message 109 to peer 0x140008000 (4 bytes)
1733434395.710183 sending message 102 to peer 0x140008000 (13 bytes)
1733434395.710188 sending message 108 to peer 0x140008000 (31 bytes)
1733434395.710193 sending message 112 to peer 0x140008000 (70 bytes)
1733434395.710198 sending message 112 to peer 0x140008000 (5 bytes)
1733434395.710203 sending message 112 to peer 0x140008000 (5 bytes)
1733434395.710208 sending message 112 to peer 0x140008000 (6 bytes)
1733434395.710212 sending message 112 to peer 0x140008000 (6 bytes)
1733434395.710217 sending message 112 to peer 0x140008000 (11 bytes)
1733434395.710221 sending message 112 to peer 0x140008000 (10 bytes)
1733434395.710226 sending message 112 to peer 0x140008000 (13 bytes)
1733434395.710231 sending message 112 to peer 0x140008000 (13 bytes)
1733434395.710235 sending message 112 to peer 0x140008000 (18 bytes)
1733434395.710240 sending message 112 to peer 0x140008000 (11 bytes)
1733434395.710244 sending message 112 to peer 0x140008000 (10 bytes)
1733434395.710249 sending message 112 to peer 0x140008000 (15 bytes)
1733434395.710254 sending message 112 to peer 0x140008000 (21 bytes)
1733434395.710258 sending message 112 to peer 0x140008000 (13 bytes)
1733434395.710263 sending message 112 to peer 0x140008000 (7 bytes)
1733434395.710268 sending message 112 to peer 0x140008000 (13 bytes)
1733434395.710272 sending message 112 to peer 0x140008000 (7 bytes)
1733434395.710277 sending message 112 to peer 0x140008000 (13 bytes)
1733434395.710281 sending message 112 to peer 0x140008000 (9 bytes)
1733434395.710286 sending message 112 to peer 0x140008000 (21 bytes)
1733434395.710291 sending message 112 to peer 0x140008000 (13 bytes)
1733434395.710295 sending message 112 to peer 0x140008000 (8 bytes)
1733434395.710300 sending message 112 to peer 0x140008000 (12 bytes)
1733434395.710304 sending message 112 to peer 0x140008000 (13 bytes)
1733434395.710309 sending message 112 to peer 0x140008000 (9 bytes)
1733434395.710314 sending message 112 to peer 0x140008000 (9 bytes)
1733434395.710318 sending message 112 to peer 0x140008000 (12 bytes)
1733434395.710323 sending message 112 to peer 0x140008000 (8 bytes)
1733434395.710327 sending message 112 to peer 0x140008000 (8 bytes)
1733434395.710332 sending message 112 to peer 0x140008000 (7 bytes)
1733434395.712091 sending message 112 to peer 0x140008000 (7 bytes)
1733434395.712097 sending message 112 to peer 0x140008000 (9 bytes)
1733434395.712100 sending message 112 to peer 0x140008000 (13 bytes)
1733434395.712103 sending message 112 to peer 0x140008000 (6 bytes)
1733434395.712105 sending message 112 to peer 0x140008000 (9 bytes)
1733434395.712107 sending message 112 to peer 0x140008000 (15 bytes)
1733434395.712109 sending message 112 to peer 0x140008000 (13 bytes)
1733434395.712112 sending message 112 to peer 0x140008000 (12 bytes)
1733434395.712114 sending message 112 to peer 0x140008000 (8 bytes)
1733434395.712116 sending message 112 to peer 0x140008000 (14 bytes)
1733434395.712118 sending message 112 to peer 0x140008000 (11 bytes)
1733434395.712120 sending message 112 to peer 0x140008000 (9 bytes)
1733434395.712123 sending message 112 to peer 0x140008000 (10 bytes)
1733434395.712125 sending message 112 to peer 0x140008000 (10 bytes)
1733434395.712127 sending message 112 to peer 0x140008000 (10 bytes)
1733434395.712134 sending message 112 to peer 0x140008000 (10 bytes)
1733434395.712136 sending message 112 to peer 0x140008000 (11 bytes)
1733434395.712138 sending message 112 to peer 0x140008000 (12 bytes)
1733434395.712139 sending message 112 to peer 0x140008000 (12 bytes)
1733434395.712141 sending message 112 to peer 0x140008000 (12 bytes)
1733434395.712142 sending message 112 to peer 0x140008000 (12 bytes)
1733434395.712144 sending message 112 to peer 0x140008000 (12 bytes)
1733434395.712145 sending message 112 to peer 0x140008000 (11 bytes)
1733434395.712147 sending message 112 to peer 0x140008000 (11 bytes)
1733434395.712148 sending message 112 to peer 0x140008000 (12 bytes)
1733434395.712150 sending message 112 to peer 0x140008000 (12 bytes)
1733434395.712151 sending message 112 to peer 0x140008000 (12 bytes)
1733434395.712153 sending message 112 to peer 0x140008000 (12 bytes)
1733434395.712155 sending message 112 to peer 0x140008000 (12 bytes)
1733434395.712156 sending message 112 to peer 0x140008000 (10 bytes)
1733434395.712157 sending message 112 to peer 0x140008000 (12 bytes)
1733434395.712159 sending message 112 to peer 0x140008000 (13 bytes)
1733434395.712160 sending message 112 to peer 0x140008000 (13 bytes)
1733434395.712162 sending message 112 to peer 0x140008000 (13 bytes)
1733434395.712163 sending message 112 to peer 0x140008000 (13 bytes)
1733434395.712165 sending message 112 to peer 0x140008000 (13 bytes)
1733434395.712166 sending message 112 to peer 0x140008000 (8 bytes)
1733434395.712168 sending message 112 to peer 0x140008000 (11 bytes)
1733434395.712170 sending message 112 to peer 0x140008000 (11 bytes)
1733434395.712171 sending message 112 to peer 0x140008000 (11 bytes)
1733434395.712173 sending message 112 to peer 0x140008000 (12 bytes)
1733434395.712174 sending message 112 to peer 0x140008000 (12 bytes)
1733434395.712176 sending message 112 to peer 0x140008000 (12 bytes)
1733434395.712177 sending message 112 to peer 0x140008000 (12 bytes)
1733434395.712179 sending message 112 to peer 0x140008000 (13 bytes)
1733434395.712180 sending message 112 to peer 0x140008000 (13 bytes)
1733434395.712182 sending message 112 to peer 0x140008000 (13 bytes)
1733434395.712183 sending message 112 to peer 0x140008000 (8 bytes)
1733434395.712185 sending message 112 to peer 0x140008000 (13 bytes)
1733434395.712186 sending message 112 to peer 0x140008000 (13 bytes)
1733434395.712188 sending message 112 to peer 0x140008000 (13 bytes)
1733434395.712189 sending message 112 to peer 0x140008000 (13 bytes)
1733434395.712191 sending message 112 to peer 0x140008000 (13 bytes)
1733434395.712192 sending message 112 to peer 0x140008000 (12 bytes)
1733434395.712194 sending message 112 to peer 0x140008000 (12 bytes)
1733434395.712195 sending message 112 to peer 0x140008000 (12 bytes)
1733434395.712197 sending message 112 to peer 0x140008000 (12 bytes)
1733434395.712198 sending message 112 to peer 0x140008000 (13 bytes)
1733434395.712200 sending message 112 to peer 0x140008000 (8 bytes)
1733434395.712201 sending message 112 to peer 0x140008000 (13 bytes)
1733434395.712203 sending message 112 to peer 0x140008000 (13 bytes)
1733434395.712204 sending message 112 to peer 0x140008000 (13 bytes)
1733434395.712206 sending message 112 to peer 0x140008000 (13 bytes)
1733434395.712207 sending message 112 to peer 0x140008000 (13 bytes)
1733434395.712209 sending message 112 to peer 0x140008000 (13 bytes)
1733434395.712210 sending message 112 to peer 0x140008000 (13 bytes)
1733434395.712212 sending message 112 to peer 0x140008000 (12 bytes)
1733434395.712213 sending message 112 to peer 0x140008000 (12 bytes)
1733434395.712215 sending message 112 to peer 0x140008000 (12 bytes)
1733434395.712216 sending message 112 to peer 0x140008000 (8 bytes)
1733434395.712218 sending message 112 to peer 0x140008000 (12 bytes)
1733434395.712219 sending message 112 to peer 0x140008000 (13 bytes)
1733434395.712221 sending message 112 to peer 0x140008000 (13 bytes)
1733434395.712222 sending message 112 to peer 0x140008000 (13 bytes)
1733434395.712224 sending message 112 to peer 0x140008000 (13 bytes)
1733434395.712228 sending message 112 to peer 0x140008000 (13 bytes)
1733434395.712230 sending message 112 to peer 0x140008000 (13 bytes)
1733434395.712231 sending message 112 to peer 0x140008000 (13 bytes)
1733434395.712233 sending message 112 to peer 0x140008000 (13 bytes)
1733434395.712234 sending message 112 to peer 0x140008000 (12 bytes)
1733434395.712236 sending message 112 to peer 0x140008000 (10 bytes)
1733434395.712237 sending message 112 to peer 0x140008000 (12 bytes)
1733434395.712239 sending message 112 to peer 0x140008000 (12 bytes)
1733434395.712240 sending message 112 to peer 0x140008000 (12 bytes)
1733434395.712242 sending message 112 to peer 0x140008000 (13 bytes)
1733434395.712243 sending message 112 to peer 0x140008000 (13 bytes)
1733434395.712245 sending message 112 to peer 0x140008000 (13 bytes)
1733434395.712246 sending message 112 to peer 0x140008000 (13 bytes)
1733434395.712248 sending message 112 to peer 0x140008000 (13 bytes)
1733434395.712249 sending message 112 to peer 0x140008000 (13 bytes)
1733434395.712251 sending message 112 to peer 0x140008000 (13 bytes)
1733434395.712252 sending message 112 to peer 0x140008000 (10 bytes)
1733434395.712254 sending message 112 to peer 0x140008000 (13 bytes)
1733434395.712255 sending message 112 to peer 0x140008000 (12 bytes)
1733434395.712257 sending message 112 to peer 0x140008000 (12 bytes)
1733434395.712258 sending message 112 to peer 0x140008000 (12 bytes)
1733434395.712260 sending message 112 to peer 0x140008000 (10 bytes)
1733434395.712262 sending message 112 to peer 0x140008000 (10 bytes)
1733434395.712263 sending message 112 to peer 0x140008000 (10 bytes)
1733434395.712265 sending message 112 to peer 0x140008000 (12 bytes)
1733434395.712266 sending message 112 to peer 0x140008000 (13 bytes)
1733434395.712268 sending message 112 to peer 0x140008000 (13 bytes)
1733434395.712269 sending message 112 to peer 0x140008000 (13 bytes)
1733434395.712271 sending message 112 to peer 0x140008000 (13 bytes)
1733434395.712272 sending message 112 to peer 0x140008000 (13 bytes)
1733434395.712274 sending message 112 to peer 0x140008000 (11 bytes)
1733434395.712275 sending message 112 to peer 0x140008000 (11 bytes)
1733434395.712277 sending message 112 to peer 0x140008000 (12 bytes)
1733434395.712278 sending message 112 to peer 0x140008000 (12 bytes)
1733434395.712280 sending message 112 to peer 0x140008000 (12 bytes)
1733434395.712281 sending message 112 to peer 0x140008000 (12 bytes)
1733434395.712283 sending message 112 to peer 0x140008000 (12 bytes)
1733434395.712284 sending message 112 to peer 0x140008000 (11 bytes)
1733434395.712286 sending message 112 to peer 0x140008000 (12 bytes)
1733434395.712287 sending message 112 to peer 0x140008000 (12 bytes)
1733434395.712289 sending message 112 to peer 0x140008000 (13 bytes)
1733434395.712290 sending message 112 to peer 0x140008000 (13 bytes)
1733434395.712292 sending message 112 to peer 0x140008000 (13 bytes)
1733434395.712293 sending message 112 to peer 0x140008000 (13 bytes)
1733434395.712295 sending message 112 to peer 0x140008000 (13 bytes)
1733434395.712296 sending message 112 to peer 0x140008000 (10 bytes)
1733434395.712298 sending message 112 to peer 0x140008000 (9 bytes)
1733434395.712299 sending message 112 to peer 0x140008000 (12 bytes)
1733434395.712301 sending message 112 to peer 0x140008000 (13 bytes)
1733434395.712302 sending message 112 to peer 0x140008000 (13 bytes)
1733434395.712304 sending message 112 to peer 0x140008000 (13 bytes)
1733434395.712305 sending message 112 to peer 0x140008000 (13 bytes)
1733434395.712307 sending message 112 to peer 0x140008000 (13 bytes)
1733434395.712308 sending message 112 to peer 0x140008000 (9 bytes)
1733434395.712310 sending message 112 to peer 0x140008000 (12 bytes)
1733434395.712311 sending message 112 to peer 0x140008000 (13 bytes)
1733434395.712313 sending message 112 to peer 0x140008000 (13 bytes)
1733434395.712314 sending message 112 to peer 0x140008000 (13 bytes)
1733434395.712316 sending message 112 to peer 0x140008000 (13 bytes)
1733434395.712320 sending message 112 to peer 0x140008000 (13 bytes)
1733434395.712321 sending message 112 to peer 0x140008000 (11 bytes)
1733434395.712323 sending message 112 to peer 0x140008000 (12 bytes)
1733434395.712324 sending message 112 to peer 0x140008000 (13 bytes)
1733434395.712326 sending message 112 to peer 0x140008000 (13 bytes)
1733434395.712327 sending message 112 to peer 0x140008000 (13 bytes)
1733434395.712329 sending message 112 to peer 0x140008000 (13 bytes)
1733434395.712330 sending message 112 to peer 0x140008000 (13 bytes)
1733434395.712332 sending message 112 to peer 0x140008000 (11 bytes)
1733434395.712333 sending message 112 to peer 0x140008000 (12 bytes)
1733434395.712335 sending message 112 to peer 0x140008000 (12 bytes)
1733434395.712336 sending message 112 to peer 0x140008000 (12 bytes)
1733434395.712338 sending message 112 to peer 0x140008000 (12 bytes)
1733434395.712339 sending message 112 to peer 0x140008000 (12 bytes)
1733434395.712341 sending message 112 to peer 0x140008000 (21 bytes)
1733434395.712342 sending message 112 to peer 0x140008000 (12 bytes)
1733434395.712344 sending message 112 to peer 0x140008000 (9 bytes)
1733434395.712345 sending message 112 to peer 0x140008000 (6 bytes)
1733434395.712347 sending message 112 to peer 0x140008000 (13 bytes)
1733434395.712348 sending message 112 to peer 0x140008000 (8 bytes)
1733434395.712350 sending message 112 to peer 0x140008000 (15 bytes)
1733434395.712351 sending message 112 to peer 0x140008000 (13 bytes)
1733434395.712353 sending message 112 to peer 0x140008000 (9 bytes)
1733434395.712354 sending message 112 to peer 0x140008000 (70 bytes)
1733434395.712356 sending message 112 to peer 0x140008000 (69 bytes)
1733434395.712358 sending message 112 to peer 0x140008000 (10 bytes)
1733434395.712359 sending message 112 to peer 0x140008000 (10 bytes)
1733434395.712361 sending message 112 to peer 0x140008000 (8 bytes)
1733434395.712362 sending message 112 to peer 0x140008000 (15 bytes)
1733434395.712364 sending message 112 to peer 0x140008000 (13 bytes)
1733434395.712365 sending message 112 to peer 0x140008000 (10 bytes)
1733434395.712367 sending message 112 to peer 0x140008000 (10 bytes)
1733434395.712368 sending message 112 to peer 0x140008000 (17 bytes)
1733434395.712370 sending message 112 to peer 0x140008000 (10 bytes)
1733434395.712371 sending message 112 to peer 0x140008000 (13 bytes)
1733434395.712373 sending message 112 to peer 0x140008000 (9 bytes)
1733434395.712374 sending message 112 to peer 0x140008000 (5 bytes)
1733434395.712376 sending message 112 to peer 0x140008000 (15 bytes)
1733434395.712377 sending message 104 to peer 0x140008000 (0 bytes)
1733434395.712379 sending message 110 to peer 0x140008000 (0 bytes)
1733434395.712381 sending message 107 to peer 0x140008000 (4 bytes)
1733434395.712382 sending message 105 to peer 0x140008000 (11 bytes)
1733434395.712384 sending message 105 to peer 0x140008000 (20 bytes)
1733434395.712385 sending message 105 to peer 0x140008000 (22 bytes)
1733434395.712387 sending message 105 to peer 0x140008000 (28 bytes)
1733434395.712389 sending message 105 to peer 0x140008000 (12 bytes)
1733434395.712390 sending message 105 to peer 0x140008000 (23 bytes)
1733434395.712392 sending message 105 to peer 0x140008000 (37 bytes)
1733434395.712393 sending message 105 to peer 0x140008000 (30 bytes)
1733434395.712395 sending message 105 to peer 0x140008000 (70 bytes)
1733434395.712396 sending message 105 to peer 0x140008000 (60 bytes)
1733434395.712399 sending message 105 to peer 0x140008000 (72 bytes)
1733434395.712400 sending message 105 to peer 0x140008000 (16 bytes)
1733434395.712402 sending message 105 to peer 0x140008000 (60 bytes)
1733434395.712403 sending message 105 to peer 0x140008000 (18 bytes)
1733434395.712405 sending message 105 to peer 0x140008000 (17 bytes)
1733434395.712407 sending message 105 to peer 0x140008000 (19 bytes)
1733434395.712408 sending message 105 to peer 0x140008000 (54 bytes)
1733434395.712410 sending message 105 to peer 0x140008000 (56 bytes)
1733434395.712415 sending message 105 to peer 0x140008000 (76 bytes)
1733434395.712416 sending message 105 to peer 0x140008000 (131 bytes)
1733434395.712418 sending message 105 to peer 0x140008000 (18 bytes)
1733434395.712420 sending message 105 to peer 0x140008000 (53 bytes)
1733434395.712421 sending message 105 to peer 0x140008000 (63 bytes)
1733434395.712423 sending message 105 to peer 0x140008000 (34 bytes)
1733434395.712424 sending message 105 to peer 0x140008000 (20 bytes)
1733434395.712426 sending message 105 to peer 0x140008000 (14 bytes)
1733434395.712427 sending message 105 to peer 0x140008000 (356 bytes)
1733434395.712429 sending message 105 to peer 0x140008000 (53 bytes)
1733434395.712431 sending message 105 to peer 0x140008000 (23 bytes)
1733434395.712432 sending message 105 to peer 0x140008000 (55 bytes)
1733434395.712434 sending message 105 to peer 0x140008000 (29 bytes)
1733434395.712435 sending message 105 to peer 0x140008000 (35 bytes)
1733434395.712437 sending message 105 to peer 0x140008000 (24 bytes)
1733434395.712438 sending message 105 to peer 0x140008000 (66 bytes)
1733434395.712440 sending message 105 to peer 0x140008000 (8 bytes)
1733434395.712441 sending message 105 to peer 0x140008000 (66 bytes)
1733434395.712443 sending message 105 to peer 0x140008000 (19 bytes)
1733434395.712444 sending message 105 to peer 0x140008000 (67 bytes)
1733434395.712446 sending message 105 to peer 0x140008000 (212 bytes)
1733434395.712449 sending message 105 to peer 0x140008000 (18 bytes)
1733434395.712451 sending message 105 to peer 0x140008000 (26 bytes)
1733434395.712452 sending message 105 to peer 0x140008000 (57 bytes)
1733434395.712454 sending message 105 to peer 0x140008000 (43 bytes)
1733434395.712455 sending message 105 to peer 0x140008000 (13 bytes)
1733434395.712457 sending message 105 to peer 0x140008000 (26 bytes)
1733434395.712458 sending message 105 to peer 0x140008000 (16 bytes)
1733434395.712460 sending message 105 to peer 0x140008000 (14 bytes)
1733434395.712462 sending message 105 to peer 0x140008000 (40 bytes)
1733434395.712463 sending message 105 to peer 0x140008000 (166 bytes)
1733434395.712466 sending message 105 to peer 0x140008000 (42 bytes)
1733434395.712467 sending message 105 to peer 0x140008000 (156 bytes)
1733434395.712469 sending message 105 to peer 0x140008000 (45 bytes)
1733434395.712471 sending message 105 to peer 0x140008000 (46 bytes)
1733434395.712472 sending message 105 to peer 0x140008000 (14 bytes)
1733434395.712474 sending message 105 to peer 0x140008000 (19 bytes)
1733434395.712475 sending message 105 to peer 0x140008000 (21 bytes)
1733434395.712477 sending message 105 to peer 0x140008000 (42 bytes)
1733434395.712478 sending message 105 to peer 0x140008000 (38 bytes)
1733434395.712480 sending message 105 to peer 0x140008000 (25 bytes)
1733434395.712481 sending message 105 to peer 0x140008000 (29 bytes)
1733434395.712483 sending message 105 to peer 0x140008000 (36 bytes)
1733434395.712484 sending message 105 to peer 0x140008000 (17 bytes)
1733434395.712486 sending message 105 to peer 0x140008000 (45 bytes)
1733434395.712488 sending message 106 to peer 0x140008000 (0 bytes)
1733434395.712517 sending message 200 to peer 0x140008000 (4 bytes)
1733434395.712520 client loop enter
1733434395.714008 peer 0x140008000 message 303
1733434395.714028 open write file 2 -
1733434395.714042 sending message 305 to peer 0x140008000 (8 bytes)
1733434395.714055 write check file 2
1733434395.714086 peer 0x140008000 message 304
1733434395.714091 write 58 to file 2
1733434395.714096 peer 0x140008000 message 203
1733434395.714099 file 2 58 bytes left
1733434395.714109 write check file 2
1733434395.714114 client loop exit
